{"/Users/xueyuanshi/demo_module/src/index.ts": {"path":"/Users/xueyuanshi/demo_module/src/index.ts","statementMap":{"0":{"start":{"line":2,"column":2},"end":{"line":2,"column":31}},"1":{"start":{"line":1,"column":0},"end":{"line":3,"column":1}},"2":{"start":{"line":6,"column":2},"end":{"line":6,"column":35}},"3":{"start":{"line":5,"column":0},"end":{"line":7,"column":1}},"4":{"start":{"line":10,"column":2},"end":{"line":10,"column":35}},"5":{"start":{"line":9,"column":0},"end":{"line":11,"column":1}}},"fnMap":{"0":{"name":"generateTokenKey","decl":{"start":{"line":1,"column":16},"end":{"line":1,"column":32}},"loc":{"start":{"line":1,"column":59},"end":{"line":3,"column":1}}},"1":{"name":"generateTokenKey1","decl":{"start":{"line":5,"column":16},"end":{"line":5,"column":33}},"loc":{"start":{"line":5,"column":60},"end":{"line":7,"column":1}}},"2":{"name":"generateTokenKey2","decl":{"start":{"line":9,"column":16},"end":{"line":9,"column":33}},"loc":{"start":{"line":9,"column":60},"end":{"line":11,"column":1}}}},"branchMap":{},"s":{"0":1,"1":1,"2":1,"3":1,"4":0,"5":1},"f":{"0":1,"1":1,"2":0},"b":{}}
}
